Interface                      Status         Protocol           Description
Et1                            up             up                 P2P_LINK_TO_SPINE1_Ethernet3
Et2                            up             up                 P2P_LINK_TO_SPINE2_Ethernet3
Et3                            up             up                 
Et4                            up             up                 
Et5                            up             up                 
Et6                            up             up                 
Et7                            up             up                 
Et8                            up             up                 
Et9                            up             up                 
Et10                           up             up                 
Et11                           up             up                 
Et12                           up             up                 
Et13                           up             up                 
Et14                           up             up                 
Et15                           up             up                 
Et16                           up             up                 
Et17                           up             up                 
Et18                           up             up                 
Et19                           up             up                 host02_Eth1
Et20                           up             up                 
Lo0                            up             up                 EVPN_Overlay_Peering
Lo1                            up             up                 VTEP_VXLAN_Tunnel_Source
Lo100                          up             up                 GOLD_VTEP_DIAGNOSTICS
Ma0                            up             up                 oob_management
Po19                           up             up                 host02_PortChannel to Host2
Vl12                           up             up                 Gold_data
Vl34                           up             up                 Gold_data
Vl55                           up             up                 Gold_data
Vl1198                         up             up                 
Vx1                            up             up                 Leaf3_VTEP
