MLAG Configuration:              
domain-id                          :         DC1_LEAF1-2
local-interface                    :            Vlan4094
peer-address                       :          10.253.2.0
peer-link                          :      Port-Channel10
hb-peer-address                    :        172.17.100.3
hb-peer-vrf                        :                mgmt
peer-config                        :          consistent
                                                       
MLAG Status:                     
state                              :              Active
negotiation status                 :           Connected
peer-link status                   :                  Up
local-int status                   :                  Up
system-id                          :   02:00:57:cf:9a:ad
dual-primary detection             :          Configured
dual-primary interface errdisabled :               False
                                                       
MLAG Ports:                      
Disabled                           :                   0
Configured                         :                   0
Inactive                           :                   0
Active-partial                     :                   0
Active-full                        :                   1

MLAG Detailed Status:
State                                :              primary
Peer State                           :            secondary
State changes                        :                    2
Last state change time               :   1 day, 2:27:32 ago
Hardware ready                       :                 True
Failover                             :                False
Failover Cause(s)                    :              Unknown
Last failover change time            :                never
Secondary from failover              :                False
Peer MAC address                     :    06:ee:22:7c:c8:01
Peer MAC routing supported           :                False
Reload delay                         :          300 seconds
Non-MLAG reload delay                :          330 seconds
Peer ports errdisabled               :                False
Lacp standby                         :                False
Configured heartbeat interval        :              4000 ms
Effective heartbeat interval         :              4000 ms
Heartbeat timeout                    :             60000 ms
Last heartbeat timeout               :                never
Heartbeat timeouts since reboot      :                    0
UDP heartbeat alive                  :                 True
Heartbeats sent/received             :          47626/47628
Peer monotonic clock offset          :     0.000562 seconds
Agent should be running              :                 True
P2p mount state changes              :                    1
Fast MAC redirection enabled         :                False
Interface activation interlock       :          unsupported
Dual-primary detection delay         :                    5
Dual-primary action                  :       errdisable-all
Dual-primary recovery delay          :                    0
Dual-primary non-mlag recovery delay :                    0

