7a25.f515.041a, VLAN 1007, seq 1, pref 16, learnedDynamicMac, source: Local Dynamic
   Ethernet2
dea4.81cf.035c, VLAN 1006, seq 1, pref 16, learnedDynamicMac, source: Local Dynamic
   Ethernet1
06ab.3115.27a3, VLAN 10, seq 2, pref 16, learnedDynamicMac, source: Local Dynamic
   Port-Channel19
02bb.d922.c55a, VLAN 4093, seq 1, pref 64, peerStaticMac, source: MLAG
   Port-Channel10
001c.7300.dc01, VLAN 1199, seq 1, pref 64, peerStaticMac, source: MLAG
   Port-Channel10
02bb.d922.c55a, VLAN 1199, seq 1, pref 64, peerStaticMac, source: MLAG
   Port-Channel10
001c.7300.dc01, VLAN 4093, seq 1, pref 64, peerStaticMac, source: MLAG
   Port-Channel10
02bb.d922.c55a, VLAN 12, seq 1, pref 64, peerStaticMac, source: MLAG
   Port-Channel10
001c.7300.dc01, VLAN 3998, seq 1, pref 64, peerStaticMac, source: MLAG
   Port-Channel10
001c.7300.dc01, VLAN 4094, seq 1, pref 64, peerStaticMac, source: MLAG
   Port-Channel10
06ab.3115.27a3, VLAN 12, seq 704, pref 16, peerDynamicMac, source: MLAG
   Port-Channel19
02bb.d922.c55a, VLAN 3998, seq 1, pref 64, peerStaticMac, source: MLAG
   Port-Channel10
02bb.d922.c55a, VLAN 4094, seq 1, pref 64, peerStaticMac, source: MLAG
   Port-Channel10
001c.7300.dc01, VLAN 12, seq 1, pref 64, peerStaticMac, source: MLAG
   Port-Channel10
0696.d982.5819, VLAN 10, seq 1, pref 16, evpnDynamicRemoteMac, source: BGP
   Load Balance entry: 2-way
      VTEP 10.254.1.3
      VTEP 10.254.1.4
