Interface                      Status         Protocol           Description
Et1                            up             up                 P2P_LINK_TO_SPINE1_Ethernet2
Et2                            up             up                 P2P_LINK_TO_SPINE2_Ethernet2
Et3                            up             up                 
Et4                            up             up                 
Et5                            up             up                 
Et6                            up             up                 
Et7                            up             up                 
Et8                            up             up                 
Et9                            up             up                 
Et10                           up             up                 MLAG_PEER_Leaf1_Ethernet10
Et11                           up             up                 MLAG_PEER_Leaf1_Ethernet11
Et12                           up             up                 
Et13                           up             up                 
Et14                           up             up                 
Et15                           up             up                 
Et16                           up             up                 
Et17                           up             up                 
Et18                           up             up                 
Et19                           up             up                 
Et20                           up             up                 host01_Eth2
Lo0                            up             up                 EVPN_Overlay_Peering
Lo1                            up             up                 VTEP_VXLAN_Tunnel_Source
Lo100                          up             up                 GOLD_VTEP_DIAGNOSTICS
Ma0                            up             up                 oob_management
Po10                           up             up                 MLAG_PEER_Leaf1_Po10
Po19                           up             up                 host01_PortChannel to Host1
Vl12                           up             up                 Gold_data
Vl34                           up             up                 Gold_data
Vl55                           up             up                 Gold_data
Vl1198                         up             up                 
Vl3998                         up             up                 MLAG_PEER_L3_iBGP: vrf GOLD
Vl4093                         up             up                 MLAG_PEER_L3_PEERING
Vl4094                         up             up                 MLAG_PEER
Vx1                            up             up                 Leaf2_VTEP
