06ee.227c.c801, VLAN 1199, seq 1, pref 64, peerStaticMac, source: MLAG
   Port-Channel10
001c.7300.dc01, VLAN 55, seq 1, pref 64, peerStaticMac, source: MLAG
   Port-Channel10
001c.7300.dc01, VLAN 1199, seq 1, pref 64, peerStaticMac, source: MLAG
   Port-Channel10
06ee.227c.c801, VLAN 55, seq 1, pref 64, peerStaticMac, source: MLAG
   Port-Channel10
0050.7966.6800, VLAN 34, seq 1, pref 16, evpnDynamicRemoteMac, source: BGP
   VTEP 10.254.1.4
06ee.227c.c801, VLAN 4093, seq 1, pref 64, peerStaticMac, source: MLAG
   Port-Channel10
001c.7300.dc01, VLAN 4093, seq 1, pref 64, peerStaticMac, source: MLAG
   Port-Channel10
02d5.faf9.2e2d, VLAN 1007, seq 1, pref 16, learnedDynamicMac, source: Local Dynamic
   Ethernet1
06ee.227c.c801, VLAN 3998, seq 1, pref 64, peerStaticMac, source: MLAG
   Port-Channel10
06ee.227c.c801, VLAN 4094, seq 1, pref 64, peerStaticMac, source: MLAG
   Port-Channel10
6ea2.7c0a.8c0b, VLAN 1007, seq 1, pref 16, learnedDynamicMac, source: Local Dynamic
   Ethernet1
001c.7300.dc01, VLAN 3998, seq 1, pref 64, peerStaticMac, source: MLAG
   Port-Channel10
9a00.59ce.b681, VLAN 1006, seq 1, pref 16, learnedDynamicMac, source: Local Dynamic
   Ethernet2
001c.7300.dc01, VLAN 4094, seq 1, pref 64, peerStaticMac, source: MLAG
   Port-Channel10
001c.7300.dc01, VLAN 34, seq 1, pref 64, peerStaticMac, source: MLAG
   Port-Channel10
0050.7966.6801, VLAN 12, seq 1, pref 16, peerDynamicMac, source: MLAG
   Port-Channel10
06ee.227c.c801, VLAN 34, seq 1, pref 64, peerStaticMac, source: MLAG
   Port-Channel10
06ee.227c.c801, VLAN 12, seq 1, pref 64, peerStaticMac, source: MLAG
   Port-Channel10
001c.7300.dc01, VLAN 12, seq 1, pref 64, peerStaticMac, source: MLAG
   Port-Channel10
