7a25.f515.041a, VLAN 1007, seq 1, pref 16, learnedDynamicMac, source: Local Dynamic
   Ethernet2
0050.7966.6801, VLAN 12, seq 1, pref 16, learnedDynamicMac, source: Local Dynamic
   Ethernet15
dea4.81cf.035c, VLAN 1006, seq 1, pref 16, learnedDynamicMac, source: Local Dynamic
   Ethernet1
02bb.d922.c55a, VLAN 4093, seq 1, pref 64, peerStaticMac, source: MLAG
   Port-Channel10
001c.7300.dc01, VLAN 55, seq 1, pref 64, peerStaticMac, source: MLAG
   Port-Channel10
001c.7300.dc01, VLAN 1199, seq 1, pref 64, peerStaticMac, source: MLAG
   Port-Channel10
02bb.d922.c55a, VLAN 1199, seq 1, pref 64, peerStaticMac, source: MLAG
   Port-Channel10
02bb.d922.c55a, VLAN 55, seq 1, pref 64, peerStaticMac, source: MLAG
   Port-Channel10
001c.7300.dc01, VLAN 4093, seq 1, pref 64, peerStaticMac, source: MLAG
   Port-Channel10
02bb.d922.c55a, VLAN 12, seq 1, pref 64, peerStaticMac, source: MLAG
   Port-Channel10
001c.7300.dc01, VLAN 3998, seq 1, pref 64, peerStaticMac, source: MLAG
   Port-Channel10
001c.7300.dc01, VLAN 4094, seq 1, pref 64, peerStaticMac, source: MLAG
   Port-Channel10
001c.7300.dc01, VLAN 34, seq 1, pref 64, peerStaticMac, source: MLAG
   Port-Channel10
02bb.d922.c55a, VLAN 3998, seq 1, pref 64, peerStaticMac, source: MLAG
   Port-Channel10
02bb.d922.c55a, VLAN 4094, seq 1, pref 64, peerStaticMac, source: MLAG
   Port-Channel10
001c.7300.dc01, VLAN 12, seq 1, pref 64, peerStaticMac, source: MLAG
   Port-Channel10
02bb.d922.c55a, VLAN 34, seq 1, pref 64, peerStaticMac, source: MLAG
   Port-Channel10
0050.7966.6800, VLAN 34, seq 1, pref 16, evpnDynamicRemoteMac, source: BGP
   VTEP 10.254.1.4
