06ab.3115.27a3, VLAN 12, seq 3723, pref 16, learnedDynamicMac, source: Local Dynamic
   Port-Channel19
dea4.81cf.035c, VLAN 1006, seq 1, pref 16, learnedDynamicMac, source: Local Dynamic
   Ethernet1
02bb.d922.c55a, VLAN 4093, seq 1, pref 64, peerStaticMac, source: MLAG
   Port-Channel10
001c.7300.dc01, VLAN 1199, seq 1, pref 64, peerStaticMac, source: MLAG
   Port-Channel10
02bb.d922.c55a, VLAN 1199, seq 1, pref 64, peerStaticMac, source: MLAG
   Port-Channel10
001c.7300.dc01, VLAN 4093, seq 1, pref 64, peerStaticMac, source: MLAG
   Port-Channel10
02bb.d922.c55a, VLAN 12, seq 1, pref 64, peerStaticMac, source: MLAG
   Port-Channel10
001c.7300.dc01, VLAN 3998, seq 1, pref 64, peerStaticMac, source: MLAG
   Port-Channel10
001c.7300.dc01, VLAN 4094, seq 1, pref 64, peerStaticMac, source: MLAG
   Port-Channel10
06ab.3115.27a3, VLAN 12, seq 3722, pref 16, peerDynamicMac, source: MLAG
   Port-Channel19
02bb.d922.c55a, VLAN 3998, seq 1, pref 64, peerStaticMac, source: MLAG
   Port-Channel10
02bb.d922.c55a, VLAN 4094, seq 1, pref 64, peerStaticMac, source: MLAG
   Port-Channel10
001c.7300.dc01, VLAN 12, seq 1, pref 64, peerStaticMac, source: MLAG
   Port-Channel10
