Interface                      Status         Protocol           Description
Et1                            up             up                 P2P_LINK_TO_LEAF1_Ethernet2
Et2                            up             up                 P2P_LINK_TO_LEAF2_Ethernet2
Et3                            up             up                 P2P_LINK_TO_LEAF3_Ethernet2
Et4                            up             up                 P2P_LINK_TO_LEAF4_Ethernet2
Et5                            up             up                 
Et6                            up             up                 
Et7                            up             up                 
Et8                            up             up                 
Et9                            up             up                 
Et10                           up             up                 
Et11                           up             up                 
Et12                           up             up                 
Et13                           up             up                 
Et14                           up             up                 
Et15                           up             up                 
Et16                           up             up                 
Et17                           up             up                 
Et18                           up             up                 
Et19                           up             up                 
Et20                           up             up                 
Lo0                            up             up                 EVPN_Overlay_Peering
Ma0                            up             up                 oob_management
