Interface                      Status         Protocol           Description
Et1                            up             up                 
Et2                            up             up                 
Et3                            up             up                 
Et4                            up             up                 
Et5                            up             up                 
Et6                            up             up                 
Et7                            up             up                 
Et8                            up             up                 
Et9                            up             up                 
Et10                           up             up                 
Et11                           up             up                 
Et12                           up             up                 
Et13                           up             up                 
Et14                           up             up                 
Et15                           up             up                 
Et16                           up             up                 
Et17                           up             up                 
Et18                           up             up                 
Et19                           up             up                 
Et20                           up             up                 
Lo666                          up             up                 inject_into_bgp
Ma0                            up             up                 
Po1                            down           lowerlayerdown     
Po10                           up             up                 
Vl10                           up             up                 
Vl12                           up             up                 
