          Mac Address Table
------------------------------------------------------------------

Vlan    Mac Address       Type        Ports      Moves   Last Move
----    -----------       ----        -----      -----   ---------
  12    001c.7300.dc01    STATIC      Cpu
  12    0a73.c4a0.86f3    DYNAMIC     Po19       4588    0:00:20 ago
  12    1a83.efe2.7d18    STATIC      Po10
1198    001c.7300.dc01    STATIC      Cpu
1198    060a.1da6.3147    DYNAMIC     Vx1        1       22:40:40 ago
1198    066d.ce35.fcd2    DYNAMIC     Vx1        1       12:45:44 ago
1198    1a83.efe2.7d18    STATIC      Po10
3998    001c.7300.dc01    STATIC      Cpu
3998    1a83.efe2.7d18    STATIC      Po10
4093    001c.7300.dc01    STATIC      Cpu
4093    1a83.efe2.7d18    STATIC      Po10
4094    001c.7300.dc01    STATIC      Cpu
4094    1a83.efe2.7d18    STATIC      Po10
Total Mac Addresses for this criterion: 13

          Multicast Mac Address Table
------------------------------------------------------------------

Vlan    Mac Address       Type        Ports
----    -----------       ----        -----
Total Mac Addresses for this criterion: 0
